2025-08-25 23:29:00,259 - db_helper - INFO - fetch_expenses_for_date called with 2024-08-15
2025-08-25 23:29:00,296 - db_helper - INFO - fetch_expenses_for_date called with 9999-08-15
2025-08-25 23:29:00,306 - db_helper - INFO - fetch_expense_summary called with start: 2099-01-01 end: 2099-12-31
2025-08-25 23:29:11,374 - db_helper - INFO - fetch_expenses_for_date called with 2024-08-15
2025-08-25 23:29:11,410 - db_helper - INFO - fetch_expenses_for_date called with 9999-08-15
2025-08-25 23:29:11,419 - db_helper - INFO - fetch_expense_summary called with start: 2099-01-01 end: 2099-12-31
2025-08-25 23:29:47,451 - db_helper - INFO - fetch_expenses_for_date called with 2024-08-15
2025-08-25 23:29:47,491 - db_helper - INFO - fetch_expenses_for_date called with 9999-08-15
2025-08-25 23:29:47,503 - db_helper - INFO - fetch_expense_summary called with start: 2099-01-01 end: 2099-12-31
2025-08-26 21:56:17,159 - db_helper - INFO - fetch_expenses_for_date called with 2024-08-15
2025-08-26 21:56:17,273 - db_helper - INFO - fetch_expenses_for_date called with 9999-08-15
2025-08-26 21:56:17,290 - db_helper - INFO - fetch_expense_summary called with start: 2099-01-01 end: 2099-12-31
2025-08-27 01:21:45,058 - db_helper - INFO - fetch_expenses_for_date called with 2024-08-01
2025-08-27 18:56:16,862 - db_helper - INFO - fetch_expenses_for_date called with 2024-08-01
2025-08-27 18:56:36,482 - db_helper - INFO - fetch_expenses_for_date called with 2024-08-01
2025-08-27 18:57:19,080 - db_helper - INFO - fetch_expenses_for_date called with 2024-08-01
2025-08-27 18:57:21,179 - db_helper - INFO - fetch_expense_summary called with start: 2024-08-01 end: 2024-08-05
2025-08-27 19:19:24,321 - db_helper - INFO - fetch_expenses_for_date called with 2024-08-01
2025-08-27 19:19:26,409 - db_helper - INFO - fetch_expense_summary called with start: 2024-08-01 end: 2024-08-05
2025-08-27 20:34:18,009 - db_helper - INFO - fetch_expenses_for_date called with 2024-08-01
2025-08-27 20:35:38,858 - db_helper - INFO - fetch_expenses_for_date called with 2024-08-01
2025-08-27 23:41:06,610 - db_helper - INFO - fetch_expenses_for_date called with 2024-08-01
2025-08-27 23:44:00,877 - db_helper - INFO - fetch_expenses_for_date called with 2024-08-01
2025-08-27 23:44:35,859 - db_helper - INFO - fetch_expenses_for_date called with 2024-08-01
2025-08-27 23:45:43,696 - db_helper - INFO - fetch_expenses_for_date called with 2024-08-01
2025-08-27 23:46:59,430 - db_helper - INFO - fetch_expenses_for_date called with 2024-08-01
2025-08-27 23:47:14,451 - db_helper - INFO - fetch_expenses_for_date called with 2024-08-01
2025-08-27 23:47:16,553 - db_helper - INFO - fetch_expense_summary_by_month called with start: 2024-08-01 end: 2024-08-31
2025-08-27 23:49:01,079 - db_helper - INFO - fetch_expenses_for_date called with 2024-08-01
2025-08-27 23:49:10,103 - db_helper - INFO - fetch_expenses_for_date called with 2024-08-01
2025-08-27 23:49:12,194 - db_helper - INFO - fetch_expense_summary_by_month called with start: 2024-08-01 end: 2024-10-31
2025-08-27 23:49:35,269 - db_helper - INFO - fetch_expenses_for_date called with 2024-08-01
2025-08-27 23:49:37,348 - db_helper - INFO - fetch_expense_summary called with start: 2024-08-01 end: 2024-08-05
2025-08-27 23:50:21,951 - db_helper - INFO - fetch_expenses_for_date called with 2024-08-01
2025-08-27 23:50:24,182 - db_helper - INFO - delete_expenses_for_date called with 2024-08-01
2025-08-27 23:50:24,231 - db_helper - INFO - insert_expense called with date: 2024-08-01, amount: 1227.0, category: Rent, notes: Monthly rent payment
2025-08-27 23:50:24,249 - db_helper - INFO - insert_expense called with date: 2024-08-01, amount: 300.0, category: Food, notes: Groceries for the week
2025-08-27 23:50:24,263 - db_helper - INFO - insert_expense called with date: 2024-08-01, amount: 1200.0, category: Rent, notes: Monthly rent payment
2025-08-27 23:50:24,276 - db_helper - INFO - insert_expense called with date: 2024-08-01, amount: 300.0, category: Food, notes: Groceries for the week
2025-08-27 23:50:24,288 - db_helper - INFO - insert_expense called with date: 2024-08-01, amount: 60.0, category: Entertainment, notes: Football
2025-08-27 23:50:50,866 - db_helper - INFO - fetch_expenses_for_date called with 2024-08-02
2025-08-27 23:54:12,324 - db_helper - INFO - fetch_expenses_for_date called with 2025-08-27
2025-08-27 23:54:16,835 - db_helper - INFO - fetch_expenses_for_date called with 2025-08-27
2025-08-27 23:54:37,832 - db_helper - INFO - fetch_expense_summary called with start: 2024-08-01 end: 2024-10-31
2025-08-27 23:54:52,852 - db_helper - INFO - delete_expenses_for_date called with 2025-08-27
2025-08-27 23:57:54,820 - db_helper - INFO - fetch_expenses_for_date called with 2025-08-27
2025-08-27 23:58:34,268 - db_helper - INFO - delete_expenses_for_date called with 2025-08-27
2025-08-27 23:58:34,297 - db_helper - INFO - insert_expense called with date: 2025-08-27, amount: 50.0, category: Food, notes: Beans
2025-08-27 23:59:10,240 - db_helper - INFO - delete_expenses_for_date called with 2025-10-02
2025-08-27 23:59:10,280 - db_helper - INFO - insert_expense called with date: 2025-10-02, amount: 50.0, category: Food, notes: Beans
2025-08-27 23:59:10,306 - db_helper - INFO - insert_expense called with date: 2025-10-02, amount: 60.0, category: Food, notes: rice
2025-08-27 23:59:10,322 - db_helper - INFO - insert_expense called with date: 2025-10-02, amount: 52.0, category: Food, notes: huy
2025-08-27 23:59:16,464 - db_helper - INFO - fetch_expenses_for_date called with 2025-10-02
2025-08-27 23:59:36,388 - db_helper - INFO - fetch_expense_summary_by_month called with start: 2024-08-01 end: 2024-10-31
2025-08-27 23:59:55,056 - db_helper - INFO - fetch_expenses_for_date called with 2025-10-02
2025-08-28 00:04:05,899 - db_helper - INFO - fetch_expenses_for_date called with 2025-08-28
2025-08-28 00:05:09,185 - db_helper - INFO - delete_expenses_for_date called with 2025-08-28
2025-08-28 00:05:09,220 - db_helper - INFO - insert_expense called with date: 2025-08-28, amount: 45.0, category: Food, notes: gret
2025-08-28 00:05:09,251 - db_helper - INFO - insert_expense called with date: 2025-08-28, amount: 0.0, category: Food, notes: yeti
2025-08-28 00:14:18,379 - db_helper - INFO - fetch_expenses_for_date called with 2025-08-28
2025-08-28 00:18:28,383 - db_helper - INFO - delete_expenses_for_date called with 2025-08-28
2025-08-28 00:18:28,467 - db_helper - INFO - insert_expense called with date: 2025-08-28, amount: 34.0, category: Food, notes: fff
2025-08-28 00:18:28,496 - db_helper - INFO - insert_expense called with date: 2025-08-28, amount: 33.0, category: Food, notes: rrr
2025-08-28 00:18:38,286 - db_helper - INFO - fetch_expenses_for_date called with 2025-08-28
2025-08-28 00:18:43,845 - db_helper - INFO - delete_expenses_for_date called with 2025-08-28
2025-08-28 00:18:43,880 - db_helper - INFO - insert_expense called with date: 2025-08-28, amount: 34.0, category: Food, notes: fff
2025-08-28 00:18:43,911 - db_helper - INFO - insert_expense called with date: 2025-08-28, amount: 33.0, category: Food, notes: rrr
2025-08-28 00:19:06,610 - db_helper - INFO - delete_expenses_for_date called with 2025-10-02
2025-08-28 00:19:06,655 - db_helper - INFO - insert_expense called with date: 2025-10-02, amount: 45.0, category: Food, notes: rer
2025-08-28 00:19:20,678 - db_helper - INFO - fetch_expense_summary_by_month called with start: 2024-08-01 end: 2024-10-30
2025-08-28 00:19:31,423 - db_helper - INFO - fetch_expense_summary called with start: 2024-08-01 end: 2024-08-05
2025-08-28 00:27:54,815 - db_helper - INFO - delete_expenses_for_date called with 2025-08-28
2025-08-28 00:27:54,867 - db_helper - INFO - insert_expense called with date: 2025-08-28, amount: 50.0, category: Food, notes: rice
2025-08-28 00:28:19,425 - db_helper - INFO - fetch_expense_summary called with start: 2024-08-01 end: 2024-09-30
2025-08-28 00:28:46,751 - db_helper - INFO - fetch_expense_summary_by_month called with start: 2024-08-01 end: 2024-09-30
